<?xml version="1.0" encoding="UTF-8"?>
<!-- Generated by org.testng.reporters.JUnitReportReporter -->
<testsuite skipped="0" hostname="DESKTOP-VVLFEU7" name="com.OrangeHRM.testCases.TC003_CheckApplicationTitle" tests="1" failures="0" timestamp="14 Feb 2022 16:49:44 GMT" time="0.028" errors="0">
  <testcase name="checkApplicationTitleTest" time="0.028" classname="com.OrangeHRM.testCases.TC003_CheckApplicationTitle"/>
</testsuite> <!-- com.OrangeHRM.testCases.TC003_CheckApplicationTitle -->
