<?xml version="1.0" encoding="UTF-8"?>
<!-- Generated by org.testng.reporters.JUnitReportReporter -->
<testsuite skipped="0" hostname="DESKTOP-VVLFEU7" name="com.OrangeHRM.testCases.TC002_CheckForgotYourPassword" tests="1" failures="0" timestamp="14 Feb 2022 21:22:27 GMT" time="0.075" errors="0">
  <testcase name="checkForgotYourPasswordLinkText" time="0.075" classname="com.OrangeHRM.testCases.TC002_CheckForgotYourPassword"/>
</testsuite> <!-- com.OrangeHRM.testCases.TC002_CheckForgotYourPassword -->
