<?xml version="1.0" encoding="UTF-8"?>
<!-- Generated by org.testng.reporters.JUnitReportReporter -->
<testsuite skipped="0" hostname="DESKTOP-VVLFEU7" name="com.OrangeHRM.testCases.TC001_CheckLoginSuccessful" tests="1" failures="0" timestamp="14 Feb 2022 21:22:27 GMT" time="2.432" errors="0">
  <testcase name="loginTest" time="2.432" classname="com.OrangeHRM.testCases.TC001_CheckLoginSuccessful"/>
</testsuite> <!-- com.OrangeHRM.testCases.TC001_CheckLoginSuccessful -->
